<?xml version="1.0" encoding="UTF-8"?>
<!-- Generated by org.testng.reporters.JUnitReportReporter -->
<testsuite hostname="BMT-LAP-244" failures="0" tests="2" name="com.automate.selenium.testcases.RegisterTest" time="23.433" errors="0" timestamp="2023-08-01T11:59:28 IST" skipped="0">
  <testcase classname="com.automate.selenium.testcases.RegisterTest" name="registerUser" time="16.908"/>
  <testcase classname="com.automate.selenium.testcases.RegisterTest" name="registerUserWithAldreadyRegisteredEmail" time="6.525"/>
</testsuite> <!-- com.automate.selenium.testcases.RegisterTest -->
